<?xml version="1.0" encoding="UTF-8"?>
<!-- Generated by org.testng.reporters.JUnitXMLReporter -->
<testsuite hostname="maydar-N56VZ" name="Test" tests="2" failures="2" timestamp="3 Oct 2013 07:21:59 GMT" time="2.068" errors="0">
  <testcase name="exchangeTestFirefox" time="2.044" classname="ru.mail.homework.tests.TestBrowserFirefox">
    <failure type="java.lang.NullPointerException">
      <![CDATA[java.lang.NullPointerException
	at ru.mail.homework.tests.TestBrowserFirefox.exchangeTestFirefox(TestBrowserFirefox.java:27)
	at java.util.concurrent.ThreadPoolExecutor.runWorker(ThreadPoolExecutor.java:1145)
	at java.util.concurrent.ThreadPoolExecutor$Worker.run(ThreadPoolExecutor.java:615)
	at java.lang.Thread.run(Thread.java:724)
... Removed 10 stack frames]]>
    </failure>
  </testcase> <!-- exchangeTestFirefox -->
  <testcase name="exchangeTestChrome" time="2.053" classname="ru.mail.homework.tests.TestBrowserChrome">
    <failure type="java.lang.NullPointerException">
      <![CDATA[java.lang.NullPointerException
	at ru.mail.homework.tests.TestBrowserChrome.exchangeTestChrome(TestBrowserChrome.java:27)
	at java.util.concurrent.ThreadPoolExecutor.runWorker(ThreadPoolExecutor.java:1145)
	at java.util.concurrent.ThreadPoolExecutor$Worker.run(ThreadPoolExecutor.java:615)
	at java.lang.Thread.run(Thread.java:724)
... Removed 10 stack frames]]>
    </failure>
  </testcase> <!-- exchangeTestChrome -->
</testsuite> <!-- Test -->
